  -- Install configuration: "Release"
  -- Up-to-date: C:/vtk/ACVD/install/lib/cmake/ACVD/ACVDConfig.cmake
  -- Up-to-date: C:/vtk/ACVD/install/lib/cmake/ACVD/ACVDConfigVersion.cmake
  -- Up-to-date: C:/vtk/ACVD/install/lib/cmake/ACVD/ACVDTargets.cmake
  -- Up-to-date: C:/vtk/ACVD/install/lib/cmake/ACVD/ACVDTargets-release.cmake
  -- Up-to-date: C:/vtk/ACVD/install/lib/vtkSurface.lib
  -- Up-to-date: C:/vtk/ACVD/install/include/ACVD/Common/RenderWindow.h
  -- Up-to-date: C:/vtk/ACVD/install/include/ACVD/Common/vtkCurvatureMeasure.h
  -- Up-to-date: C:/vtk/ACVD/install/include/ACVD/Common/vtkDelaunay.h
  -- Up-to-date: C:/vtk/ACVD/install/include/ACVD/Common/vtkDualMeshDisplay.h
  -- Up-to-date: C:/vtk/ACVD/install/include/ACVD/Common/vtkMyMinimalStandardRandomSequence.h
  -- Up-to-date: C:/vtk/ACVD/install/include/ACVD/Common/vtkNeighbourhoodComputation.h
  -- Up-to-date: C:/vtk/ACVD/install/include/ACVD/Common/vtkOFFReader.h
  -- Up-to-date: C:/vtk/ACVD/install/include/ACVD/Common/vtkOFFWriter.h
  -- Up-to-date: C:/vtk/ACVD/install/include/ACVD/Common/vtkQuadricTools.h
  -- Up-to-date: C:/vtk/ACVD/install/include/ACVD/Common/vtkRandomTriangulation.h
  -- Up-to-date: C:/vtk/ACVD/install/include/ACVD/Common/vtkSMFReader.h
  -- Up-to-date: C:/vtk/ACVD/install/include/ACVD/Common/vtkSMFWriter.h
  -- Up-to-date: C:/vtk/ACVD/install/include/ACVD/Common/vtkSurface.h
  -- Up-to-date: C:/vtk/ACVD/install/include/ACVD/Common/vtkSurfaceBase.h
  -- Up-to-date: C:/vtk/ACVD/install/include/ACVD/Common/vtkSurfaceIterators.h
  -- Up-to-date: C:/vtk/ACVD/install/include/ACVD/Common/vtkTag.h
  -- Up-to-date: C:/vtk/ACVD/install/include/ACVD/Common/vtkUniformClustering.h
  -- Up-to-date: C:/vtk/ACVD/install/include/ACVD/Common/vtkVolumeProperties.h
  -- Up-to-date: C:/vtk/ACVD/install/bin/viewer.exe
  -- Up-to-date: C:/vtk/ACVD/install/bin/viewer2.exe
  -- Up-to-date: C:/vtk/ACVD/install/bin/RandomTriangulation.exe
  -- Up-to-date: C:/vtk/ACVD/install/bin/ExamplevtkSurface.exe
  -- Up-to-date: C:/vtk/ACVD/install/bin/CleanMesh.exe
  -- Up-to-date: C:/vtk/ACVD/install/bin/mesh2vtk.exe
  -- Up-to-date: C:/vtk/ACVD/install/bin/vtk2ply.exe
  -- Up-to-date: C:/vtk/ACVD/install/bin/stl2ply.exe
  -- Up-to-date: C:/vtk/ACVD/install/bin/CheckOrientation.exe
  -- Up-to-date: C:/vtk/ACVD/install/lib/vtkDiscreteRemeshing.lib
  -- Up-to-date: C:/vtk/ACVD/install/include/ACVD/DiscreteRemeshing/vtkAnisotropicDiscreteRemeshing.h
  -- Up-to-date: C:/vtk/ACVD/install/include/ACVD/DiscreteRemeshing/vtkAnisotropicMetricForClustering.h
  -- Up-to-date: C:/vtk/ACVD/install/include/ACVD/DiscreteRemeshing/vtkClusteringExampleFile.h
  -- Up-to-date: C:/vtk/ACVD/install/include/ACVD/DiscreteRemeshing/vtkDiscreteRemeshing.h
  -- Up-to-date: C:/vtk/ACVD/install/include/ACVD/DiscreteRemeshing/vtkIsotropicDiscreteRemeshing.h
  -- Up-to-date: C:/vtk/ACVD/install/include/ACVD/DiscreteRemeshing/vtkIsotropicMetricForClustering.h
  -- Up-to-date: C:/vtk/ACVD/install/include/ACVD/DiscreteRemeshing/vtkL21MetricForClustering.h
  -- Up-to-date: C:/vtk/ACVD/install/include/ACVD/DiscreteRemeshing/vtkLloydClustering.h
  -- Up-to-date: C:/vtk/ACVD/install/include/ACVD/DiscreteRemeshing/vtkManifoldSimplification.h
  -- Up-to-date: C:/vtk/ACVD/install/include/ACVD/DiscreteRemeshing/vtkQEMetricForClustering.h
  -- Up-to-date: C:/vtk/ACVD/install/include/ACVD/DiscreteRemeshing/vtkQuadricAnisotropicMetricForClustering.h
  -- Up-to-date: C:/vtk/ACVD/install/include/ACVD/DiscreteRemeshing/vtkSurfaceClustering.h
  -- Up-to-date: C:/vtk/ACVD/install/include/ACVD/DiscreteRemeshing/vtkThreadedClustering.h
  -- Up-to-date: C:/vtk/ACVD/install/include/ACVD/DiscreteRemeshing/vtkTrianglesProcessing.h
  -- Up-to-date: C:/vtk/ACVD/install/include/ACVD/DiscreteRemeshing/vtkVerticesProcessing.h
  -- Up-to-date: C:/vtk/ACVD/install/bin/ACVD.exe
  -- Installing: C:/vtk/ACVD/install/bin/ACVDQ.exe
  -- Up-to-date: C:/vtk/ACVD/install/bin/AnisotropicRemeshing.exe
  -- Up-to-date: C:/vtk/ACVD/install/bin/AnisotropicRemeshingQ.exe
  -- Up-to-date: C:/vtk/ACVD/install/bin/VolumeAnalysis.exe
  -- Up-to-date: C:/vtk/ACVD/install/bin/ManifoldSimplification.exe
  -- Up-to-date: C:/vtk/ACVD/install/lib/vtkVolumeProcessing.lib
  -- Up-to-date: C:/vtk/ACVD/install/include/ACVD/VolumeProcessing/vtkImageDataCleanLabels.h
  -- Up-to-date: C:/vtk/ACVD/install/include/ACVD/VolumeProcessing/vtkOOCMetaImageReader.h
  -- Up-to-date: C:/vtk/ACVD/install/include/ACVD/VolumeProcessing/vtkRobustImageReader.h
  -- Up-to-date: C:/vtk/ACVD/install/bin/img2raw.exe
  -- Up-to-date: C:/vtk/ACVD/install/bin/Minc2Mhd.exe
  -- Up-to-date: C:/vtk/ACVD/install/bin/png2raw.exe
  -- Up-to-date: C:/vtk/ACVD/install/bin/ReadImage.exe
  -- Up-to-date: C:/vtk/ACVD/install/bin/VolumeAnisotropicDiffusion.exe
  -- Up-to-date: C:/vtk/ACVD/install/bin/VolumeCleanLabels.exe
  -- Up-to-date: C:/vtk/ACVD/install/bin/VolumeCrop.exe
  -- Up-to-date: C:/vtk/ACVD/install/bin/VolumeMedian.exe
  -- Up-to-date: C:/vtk/ACVD/install/bin/VolumeOOCSlice.exe
  -- Up-to-date: C:/vtk/ACVD/install/bin/VolumeSlice.exe
  -- Up-to-date: C:/vtk/ACVD/install/bin/VolumeSubsample.exe
